[    0.000000] Initializing cgroup subsys cpuset
[    0.000000] Initializing cgroup subsys cpu
[    0.000000] Initializing cgroup subsys cpuacct
[    0.000000] Linux version 4.4.0-170-generic (buildd@lcy01-amd64-019) (gcc version 5.4.0 20160609 (Ubuntu 5.4.0-6ubuntu1~16.04.12) ) #199-Ubuntu SMP Thu Nov 14 01:45:04 UTC 2019 (Ubuntu 4.4.0-170.199-generic 4.4.200)
[    0.000000] Command line: BOOT_IMAGE=/boot/vmlinuz-4.4.0-170-generic root=LABEL=cloudimg-rootfs ro console=tty1 console=ttyS0
[    0.000000] KERNEL supported cpus:
[    0.000000]   Intel GenuineIntel
[    0.000000]   AMD AuthenticAMD
[    0.000000]   Centaur CentaurHauls
[    0.000000] x86/fpu: xstate_offset[2]:  576, xstate_sizes[2]:  256
[    0.000000] x86/fpu: Supporting XSAVE feature 0x01: 'x87 floating point registers'
[    0.000000] x86/fpu: Supporting XSAVE feature 0x02: 'SSE registers'
[    0.000000] x86/fpu: Supporting XSAVE feature 0x04: 'AVX registers'
[    0.000000] x86/fpu: Enabled xstate features 0x7, context size is 832 bytes, using 'standard' format.
[    0.000000] e820: BIOS-provided physical RAM map:
[    0.000000] BIOS-e820: [mem 0x0000000000000000-0x000000000009fbff] usable
[    0.000000] BIOS-e820: [mem 0x000000000009fc00-0x000000000009ffff] reserved
[    0.000000] BIOS-e820: [mem 0x00000000000f0000-0x00000000000fffff] reserved
[    0.000000] BIOS-e820: [mem 0x0000000000100000-0x000000003ffeffff] usable
[    0.000000] BIOS-e820: [mem 0x000000003fff0000-0x000000003fffffff] ACPI data
[    0.000000] BIOS-e820: [mem 0x00000000fec00000-0x00000000fec00fff] reserved
[    0.000000] BIOS-e820: [mem 0x00000000fee00000-0x00000000fee00fff] reserved
[    0.000000] BIOS-e820: [mem 0x00000000fffc0000-0x00000000ffffffff] reserved
[    0.000000] NX (Execute Disable) protection: active
[    0.000000] SMBIOS 2.5 present.
[    0.000000] Hypervisor detected: KVM
[    0.000000] e820: last_pfn = 0x3fff0 max_arch_pfn = 0x400000000
[    0.000000] MTRR: Disabled
[    0.000000] x86/PAT: MTRRs disabled, skipping PAT initialization too.
[    0.000000] CPU MTRRs all blank - virtualized system.
[    0.000000] x86/PAT: Configuration [0-7]: WB  WT  UC- UC  WB  WT  UC- UC  
[    0.000000] found SMP MP-table at [mem 0x0009fff0-0x0009ffff] mapped at [ffff88000009fff0]
[    0.000000] Scanning 1 areas for low memory corruption
[    0.000000] RAMDISK: [mem 0x362fa000-0x37174fff]
[    0.000000] ACPI: Early table checksum verification disabled
[    0.000000] ACPI: RSDP 0x00000000000E0000 000024 (v02 VBOX  )
[    0.000000] ACPI: XSDT 0x000000003FFF0030 00003C (v01 VBOX   VBOXXSDT 00000001 ASL  00000061)
[    0.000000] ACPI: FACP 0x000000003FFF00F0 0000F4 (v04 VBOX   VBOXFACP 00000001 ASL  00000061)
[    0.000000] ACPI: DSDT 0x000000003FFF0470 0021FF (v02 VBOX   VBOXBIOS 00000002 INTL 2010058)
[    0.000000] ACPI: FACS 0x000000003FFF0200 000040
[    0.000000] ACPI: FACS 0x000000003FFF0200 000040
[    0.000000] ACPI: APIC 0x000000003FFF0240 00005C (v02 VBOX   VBOXAPIC 00000001 ASL  00000061)
[    0.000000] ACPI: SSDT 0x000000003FFF02A0 0001CC (v01 VBOX   VBOXCPUT 00000002 INTL 20100528)
[    0.000000] No NUMA configuration found
[    0.000000] Faking a node at [mem 0x0000000000000000-0x000000003ffeffff]
[    0.000000] NODE_DATA(0) allocated [mem 0x3ffeb000-0x3ffeffff]
[    0.000000] kvm-clock: Using msrs 4b564d01 and 4b564d00
[    0.000000] kvm-clock: cpu 0, msr 0:3ffe3001, primary cpu clock
[    0.000000] kvm-clock: using sched offset of 3576387806 cycles
[    0.000000] clocksource: kvm-clock: mask: 0xffffffffffffffff max_cycles: 0x1cd42e4dffb, max_idle_ns: 881590591483 ns
[    0.000000] Zone ranges:
[    0.000000]   DMA      [mem 0x0000000000001000-0x0000000000ffffff]
[    0.000000]   DMA32    [mem 0x0000000001000000-0x000000003ffeffff]
[    0.000000]   Normal   empty
[    0.000000]   Device   empty
[    0.000000] Movable zone start for each node
[    0.000000] Early memory node ranges
[    0.000000]   node   0: [mem 0x0000000000001000-0x000000000009efff]
[    0.000000]   node   0: [mem 0x0000000000100000-0x000000003ffeffff]
[    0.000000] Initmem setup node 0 [mem 0x0000000000001000-0x000000003ffeffff]
[    0.000000] ACPI: PM-Timer IOO Port: 0x4008
[    0.000000] IOAPIC[0]: apic_id 2, version 32, address 0xfec00000, GSI 0-23
[    0.000000] ACPI: INT_SRC_OVR (bus 0 bus_irq 0 global_irq 2 dfl dfl)
[    0.000000] ACPI: INT_SRC_OVR (bus 0 bus_irq 9 global_irq 9 low level)
[    0.000000] Using ACPI (MADT) for SMP configuration information
[    0.000000] smpboot: Allowing 2 CPUs, 0 hotplug CPUs
[    0.000000] PM: Registered nosave memory: [mem 0x00000000-0x00000fff]
[    0.000000] PM: Registered nosave memory: [mem 0x0009f000-0x0009ffff]
[    0.000000] PM: Registered nosave memory: [mem 0x000a0000-0x000effff]
[    0.000000] PM: Registered nosave memory: [mem 0x000f0000-0x000fffff]
[    0.000000] e820: [mem 0x40000000-0xfebfffff] available for PCI devices
[    0.000000] Booting paravirtualized kernel on KVM
[    0.000000] clocksource: refined-jiffies: mask: 0xffffffff max_cycles: 0xffffffff, max_idle_ns: 7645519600211568 ns
[    0.000000] setup_percpu: NR_CPUS:512 nr_cpumask_bits:512 nr_cpu_ids:2 nr_node_ids:1
[    0.000000] PERCPU: Embedded 33 pages/cpu @ffff88003fc00000 s95448 r8192 d31528 u1048576
[    0.000000] Built 1 zonelists in Node order, mobility grouping on.  Total pages: 257912
[    0.000000] Policy zone: DMA32
[    0.000000] Kernel command line: BOOT_IMAGE=/boot/vmlinuz-4.4.0-170-generic root=LABEL=cloudimg-rootfs ro console=tty1 console=ttyS0
[    0.000000] PID hash table entries: 4096 (order: 3, 32768 bytes)
[    0.000000] Memory: 997728K/1048120K available (8626K kernel code, 1336K rwdata, 4036K rodata, 1488K init, 1288K bss, 50392K reserved, 0K cma-reserved)
[    0.000000] SLUB: HWalign=64, Order=0-3, MinObjects=0, CPUs=2, Nodes=1
[    0.000000] Kernel/User page tables isolation: enabled
[    0.000000] Hierarchical RCU implementation.
[    0.000000] 	Build-time adjustment of leaf fanout to 64.
[    0.000000] 	RCU restricting CPUs from NR_CPUS=512 to nr_cpu_ids=2.
[    0.000000] RCU: Adjusting geometry for rcu_fanout_leaf=64, nr_cpu_ids=2
[    0.000000] NR_IRQS:33024 nr_irqs:440 16
[    0.000000] Console: colour VGA+ 80x25
[    0.000000] console [tty1] enabled
[    0.000000] console [ttS0] enabled
[    0.000000] tsc: Detected 2711.998 MHz processor
[    0.282536] Calibrating delay loop (skipped) preset value.. 5423.99 BogoMIPS (lpj=10847992)
[    0.284900] pid_max: default: 32768 minimum: 301
[    0.286202] ACPI: Core revision 20150930
[    0.289846] ACPI: 2 ACPI AML tables successfully acquired and loaded
[    0.291648] Security Framework initialized
[    0.292790] Yama: becoming mindful.
[    0.293867] AppArmor: AppArmor initialized
[    0.295110] Dentry cache hash table entries: 131072 (order: 8, 1048576 bytes)
[    0.300017] Inode-cache hash table entries: 65536 (order: 7, 524288 bytes)
[    0.302030] Mount-cache hash table entries: 2048 (order: 2, 16384 bytes)
[    0.303928] Mountpointcache hash table entries: 2048 (order: 2, 16384 bytes)
[    0.336482] Initializing cgroup subsys io
[    0.337665] Initializing cgroup subsys memory
[    0.338899] Initializing cgroup subsys devices
[    0.340086] Initializing cgroup subsys freezer
[    0.341285] Initializing cgroup subsys net_cls
[    0.342516] Initializing cgroup subsys perf_event
[    0.343783] Initializing cgroup subsys net_prio
[    0.345071] Initializing cgroup subsys hugetlb
[    0.346320] Initializing cgroup subsys pids
[    0.349255] mce: CPU supports 0 MCE banks
[    0.354335] Last level iTLB entries: 4KB 64, 2MB 8, 4MB 8
[    0.355794] Last level dTLB entries: 4KB 64, 2MB 0, 4MB 0, 1GB 4
[    0.357474] Spectre V1 : Mitigation: usercopy/swapgs barriers and __user pointer sanitization
[    0.359798] Spectre V2 : Mitigation: Full generic retpoline
[    0.361224] Spectre V2 : Spectre v2 / SpectreRSB mitigation: Filling RSB on context switch
[    0.363497] Speculative Store Bypass: Vulnerable
[    0.364849] MDS: Vulnerable: Clear CPU buffers attempted, no microcode
[    0.369534] Freeing SMP alternatives memory: 36K
[    0.376945] ftrace: allocating 32302 entries in 127 pages
[    0.446117] smpboot: APIC(0) Converting physical 0 to logical package 0
[    0.503556] smpboot: Max logical packages: 1
[    0.512453] x2apic enabled
[    0.520588] Switched APIC routing to physical x2apic.
[    0.523444] ..TIMER: vector=0x30 apic1=0 pin1=2 apic2=-1 pin2=-1
[    0.633084] smpboot: CPU0: Intel(R) Core(TM) i5-7200U CPU @ 2.50GHz (family: 0x6, model: 0x8e, stepping: 0x9)
[    0.655860] Performance Events: unsupported p6 CPU model 142 no PMU driver, software events only.
[    0.669764] KVM setup paravirtual spinlock
[    0.671872] x86: Booting SMP configuration:
[    0.673102] .... node  #0, CPUs:      #1
[    0.674314] kvm-clock: cpu 1, msr 0:3ffe3041, secondary cpu clock
[    0.677762] mce: CPU supports 0 MCE banks
[    0.680895] x86: Booted up 1 node, 2 CPUs
[    0.682480] smpboot: Total of 2 processors activated (10847.99 BogoMIPS)
[    0.684765] devtmpfs: initialized
[    0.687693] evm: security.selinux
[    0.688761] evm: security.SMACK64
[    0.689879] evm: security.SMACK64EXEC
[    0.691039] evm: security.SMACK64TRANSMUTE
[    0.749527] evm: security.SMACK64MMAP
[    0.785849] evm: security.ima
[    0.817544] evm: security.capability
[    0.831760] clocksource: jiffies: mask: 0xffffffff max_cycles: 0xffffffff, max_idle_ns: 7645041785100000 ns
[    0.890659] futex hash table entries: 512 (order: 3, 32768 bytes)
[    0.892442] pinctrl core: initialized pinctrl subsystem
[    0.893971] RTC time: 14:29:32, date: 12/19/19
[    0.895392] NET: Registered protocol family 16
[    0.906584] cpuidle: using governor ladder
[    0.917967] cpuidle: using governor menu
[    0.919346] PCCT header not found.
[    0.920720] ACPI: bus type PCI registered
[    0.922193] acpiphp: ACPI Hot Plug PCI Controller Driver version: 0.5
[    0.930936] PCI: Using configuration type 1 for base access
[    0.944161] ACPI: Added _OSI(Module Device)
[    0.984515] ACPI: Added _OSI(Processor Device)
[    0.986335] ACPI: Added _OSI(3.0 _SCP Extensions)
[    0.995294] ACPI: Added _OSI(Processor Aggregator Device)
[    0.998873] ACPI: Executed 1 blocks of module-level executable AML code
[    1.006534] ACPI: Interpreter enabled
[    1.008443] ACPI: (supports S0 S5)
[    1.010237] ACPI: Using IOAPIC for interrupt routing
[    1.012933] PCI: Using host bridge windows from ACPI; if necessary, use "pci=nocrs" and report a bug
[    1.020828] ACPI: PCI Root Bridge [PCI0] (domain 0000 [bus 00-ff])
[    1.023178] acpi PNP0A03:00: _OSC: OS supports [ASPM ClockPM Segments MSI]
[    1.025538] acpi PNP0A03:00: _OSC: not requesting OS control; OS requires [ExtendedConfig ASPM ClockPM MSI]
[    1.028680] acpi PNP0A03:00: fail to add MMCONFIG information, can't access extended PCI configuration space under this bridge.
[    1.033522] PCI host bridge to bus 0000:00
[    1.035195] pci_bus 0000:00: root bus resource [io  0x0000-0x0cf7 window]
[    1.037700] pci_bus 0000:00: root bus resource [io  0x0d00-0xffff window]
[    1.039877] pci_bus 0000:00: root bus resource [mem 0x000a0000-0x000bffff window]
[    1.042961] pci_bus 0000:00: root bus resource [mem 0x40000000-0xfdffffff window]
[    1.046060] pci_bus 0000:00: root bus resource [bus 00-ff]
[    1.051197] pci 0000:00:01.1: legacy IDE quirk: reg 0x10: [io  0x01f0-0x01f7]
[    1.053659] pci 0000:00:01.1: legacy IDE quirk: reg 0x14: [io  0x03f6]
[    1.055976] pci 0000:00:01.1: legacy IDE quirk: reg 0x18: [io  0x0170-0x0177]
[    1.058551] pci 0000:00:01.1: legacy IDE quirk: reg 0x1c: [io  0x0376]
[    1.098298] pci 0000:00:07.0: quirk: [io  0x4000-0x403f] claimed by PIIX4 ACPI
[    1.100413] pci 0000:00:07.0: quirk: [io  0x4100-0x410f] claimed by PIIX4 SMB
[    1.114944] ACPI: PCI Interrupt Link [LNKA] (IRQs 5 9 10 *11)
[    1.117187] ACPI: PCI Interrupt Link [LNKB] (IRQs 5 9 *10 11)
[    1.119280] ACPI: PCI Interrupt Link [LNKC] (IRQs 5 *9 10 11)
[    1.121274] ACPI: PCI Interrupt Link [LNKD] (IRQs 5 9 10 *11)
[    1.123358] ACPI: Enabled 2 GPEs in block 00 to 07
[    1.125181] vgaarb: setting as boot device: PCI:0000:00:02.0
[    1.126680] vgaarb: device added: PCI:0000:00:02.0,decodes=io+mem,owns=io+mem,locks=none
[    1.128858] vgaarb: loaded
[    1.129787] vgaarb: bridge control possible 0000:00:02.0
[    1.131375] SCSI subsystem initialized
[    1.132613] ACPI: bus type USB registered
[    1.133803] usbcore: registered new interface driver usbfs
[    1.135240] usbcore: registered new interface driver hub
[    1.136634] usbcore: registered new device driver usb
[    1.138234] PCI: Using ACPI for IRQ routing
[    1.139717] NetLabel: Initializing
[    1.140737] NetLabel:  domain hash size = 128
[    1.141947] NetLabel:  protocols = UNLABELED CIPSOv4
[    1.146312] NetLabel:  unlabeled traffic allowed by default
[    1.147954] amd_nb: Cannot enumerate AMD northbridges
[    1.155363] clocksource: Switched to clocksource kvm-clock
[    1.169172] AppArmor: AppArmor Filesystem Enabled
[    1.176992] pnp: PnP ACPI init
[    1.178954] pnp: PnP ACPI: found 3 devices
[  1.191450] clocksource: acpi_pm: mask: 0xffffff max_cycles: 0xffffff, max_idle_ns: 2085701024 ns
[    1.257477] NET: Registered protocol family 2

[    1.259376] TCP established hash table entries: 8192 (order: 4, 65536 bytes)
[    1.262436] TCP bind hash table entries: 8192 (order: 5, 131072 bytes)
[    1.264722] TCP: Hash tables configured (established 8192 bind 8192)
[    1.267120] UDP hash table entries: 512 (order: 2, 16384 bytes)
[    1.269336] UDP-Lite hash table entries: 512 (order: 2, 16384 bytes)
[    1.271735] NET: Registered protocol family 1
[    1.273511] pci 0000:00:00.0: Limiting direct PCI/PCI transfers
[    1.275815] pci 0000:00:01.0: Activating ISA DMA hang workarounds
[    1.278032] Unpacking initramfs...
[    1.549784] Freeing initrd memory: 14828K
[    1.572747] clocksource: tsc: mask: 0xffffffffffffffff max_cycles: 0x27178451938, max_idle_ns: 440795251172 ns
[    1.606497] platform rtc_cmos: registered platform RTC device (no PNP device found)
[    1.644932] Scanning for low memory corruption every 60 seconds
[    1.699904] audit: initializing netlink subsys (disabled)
[    1.740573] audit: type=2000 audit(1576765778.248:1): initialized
[    1.786960] Initialise system trusted keyring
[    1.795429] HugeTLB registered 2 MB page size, pre-allocated 0 pages
[    1.896563] zbud: loaded
[    1.931715] VFS: Disk quotas dquot_6.6.0
[    1.948270] VFS: Dquot-cache hash table entries: 512 (order 0, 4096 bytes)
[    1.968155] squashfs: version 4.0 (2009/01/31) Phillip Lougher
[    1.987173] fuse init (API version 7.23)
[    1.999213] Key type big_key registered
[    2.001803] Allocating IMA MOK and blacklist keyrings.
[    2.007780] Key type asymmetric registered
[    2.009493] Asymmetric key parser 'x509' registered
[    2.019717] Block layer SCSI generic (bsg) driver version 0.4 loaded (major 249)
[    2.032903] io scheduler noop registered
[    2.034862] io scheduler deadline registered (default)
[    2.037120] io scheduler cfq registered
[    2.041485] pci_hotplug: PCI Hot Plug PCI Core version: 0.5
[    2.050562] pciehp: PCI Express Hot Plug Controller Driver version: 0.4
[    2.058820] ACPI: AC Adapter [AC] (on-line)
[    2.060740] input: Power Button as /devices/LNXSYSTM:00/LNXPWRBN:00/input/input0
[    2.070467] ACPI: Power Button [PWRF]
[    2.072560] input: Sleep Button as /devices/LNXSYSTM:00/LNXSLPBN:00/input/input1
[    2.075184] ACPI: Sleep Button [SLPF]
[    2.078501] ACPI: Battery Slot [BAT0] (battery present)
[    2.082484] GHES: HEST is not enabled!
[    2.085766] Serial: 8250/16550 driver, 32 ports, IRQ sharing enabled
[    2.117613] 00:02: ttyS0 at I/O 0x3f8 (irq = 4, base_baud = 115200) is a 16550A
[    2.125019] Linux agpgart interface v0.103
[    2.130753] loop: module loaded
[    2.133097] scsi host0: ata_piix
[    2.134797] scsi host1: ata_piix
[    2.142454] ata1: PATA max UDMA/33 cmd 0x1f0 ctl 0x3f6 bmdma 0xd000 irq 14
[    2.144766] ata2: PATA max UDMA/33 cmd 0x170 ctl 0x376 bmdma 0xd008 irq 15
[    2.147794] libphy: Fixed MDIO Bus: probed
[    2.149406] tun: Universal TUN/TAP device driver, 1.6
[    2.151293] tun: (C) 1999-2004 Max Krasnyansky <maxk@qualcomm.com>
[    2.153888] PPP generic driver version 2.4.2
[    2.155679] ehci_hcd: USB 2.0 'Enhanced' Host Controller (EHCI) Driver
[    2.157940] ehci-pci: EHCI PCI platform driver
[    2.159593] ehci-platform: EHCI generic platform driver
[    2.161630] ohci_hcd: USB 1.1 'Open' Host Controller (OHCI) Driver
[    2.163605] ohci-pci: OHCI PCI platform driver
[    2.165478] ohci-platform: OHCI generic platform driver
[    2.167438] uhci_hcd: USB Universal Host Controller Interface driver
[    2.169923] i8042: PNP: PS/2 Controller [PNP0303:PS2K,PNP0f03:PS2M] at 0x60,0x64 irq 1,12
[    2.173519] serio: i8042 KBD port at 0x60,0x64 irq 1
[    2.180093] serio: i8042 AUX port at 0x60,0x64 irq 12
[    2.181780] mousedev: PS/2 mouse device common for all mice
[    2.183719] input: AT Translated Set 2 keyboard as /devices/platform/i8042/serio0/input/input2
[    2.192814] rtc_cmos rtc_cmos: rtc core: registered rtc_cmos as rtc0
[    2.192906] rtc_cmos rtc_cmos: alarms up to one day, 114 bytes nvram
[    2.192915] i2c /dev entries driver
[    2.192970] device-mapper: uevent: version 1.0.3
[    2.193023] device-mapper: ioctl: 4.34.0-ioctl (2015-10-28) initialised: dm-devel@redhat.com
[    2.193056] ledtrig-cpu: registered to indicate activity on CPUs
[    2.193334] NET: Registered protocol family 10
[    2.193491] NET: Registered protocol family 17
[    2.193501] Key type dns_resolver registered
[    2.193716] registered taskstats version 1
[    2.193728] Loading compiled-in X.509 certificates
[    2.194472] Loaded X.509 cert 'Build time autogenerated kernel key: f0e56e97f406068ace47a9bf54316e9855aaaa43'
[    2.194510] zswap: loaded using pool lzo/zbud
[    2.196860] Key type trusted registered
[    2.200469] Key type encrypted registered
[    2.200479] AppArmor: AppArmor sha1 policy hashing enabled
[    2.200485] ima: No TPM chip found, activating TPM-bypass!
[    2.200493] ima: Allocated hash algorithm: sha1
[    2.200507] evm: HMAC attrs: 0x1
[    2.200866]   Magic number: 15:874:485
[    2.202890] rtc_cmos rtc_cmos: setting system clock to 2019-12-19 14:29:33 UTC (1576765773)
[    2.203047] BIOS EDD facility v0.16 2004-Jun-25, 0 devices found
[    2.203047] EDD information not available.
[    2.306489] Freeing unused kernel memory: 1488K
[    2.308141] Write protecting the kernel read-only data: 14336k
[    2.310822] Freeing unused kernel memory: 1604K
[    2.312909] Freeing unused kernel memory: 60K
Loading, please wait...
starting version 229
[    2.335220] random: systemd-udevd: uninitialized urandom read (16 bytes read, 3 bits of entropy available)
[    2.336485] random: udevadm: uninitialized urandom read (16 bytes read, 3 bits of entropy available)
[    2.336512] random: udevadm: uninitialized urandom read (16 bytes read, 3 bits of entropy available)
[    2.352067] random: udevadm: uninitialized urandom read (16 bytes read, 3 bits of entropy available)
[    2.352112] random: udevadm: uninitialized urandom read (16 bytes read, 3 bits of entropy available)
[    2.352320] random: udevadm: uninitialized urandom read (16 bytes read, 3 bits of entropy available)
[    2.352405] random: udevadm: uninitialized urandom read (16 bytes read, 3 bits of entropy available)
[    2.352471] random: udevadm: uninitialized urandom read (16 bytes read, 3 bits of entropy available)
[    2.352534] random: udevadm: uninitialized urandom read (16 bytes read, 3 bits of entropy available)
[    2.352596] random: udevadm: uninitialized urandom read (16 bytes read, 3 bits of entropy available)
[    2.493944] e1000: Intel(R) PRO/1000 Network Driver - version 7.3.21-k8-NAPI
[    2.496659] e1000: Copyright (c) 1999-2006 Intel Corporation.
[    2.516370] Fusion MPT base driver 3.04.20
[    2.517963] Copyright (c) 1999-2008 LSI Corporation
[    2.585526] Fusion MPT SPI Host driver 3.04.20
[    2.597641] AVX2 version of gcm_enc/dec engaged.
[    2.599248] AES CTR mode by8 optimization enabled
[    2.776255] input: ImExPS/2 Generic Explorer Mouse as /devices/platform/i8042/serio1/input/input4
[    3.447460] e1000 0000:00:03.0 eth0: (PCI:33MHz:32-bit) 02:dd:45:a7:5d:a0
[    3.608518] e1000 0000:00:03.0 eth0: Intel(R) PRO/1000 Network Connection
[    4.308773] e1000 0000:00:08.0 eth1: (PCI:33MHz:32-bit) 08:00:27:1e:56:8c
[    4.318600] e1000 0000:00:08.0 eth1: Intel(R) PRO/1000 Network Connection
[    4.324558] e1000 0000:00:08.0 enp0s8: renamed from eth1
[    4.328332] mptbase: ioc0: Initiating bringup
[    4.340466] e1000 0000:00:03.0 enp0s3: renamed from eth0
[    4.396309] ioc0: LSI53C1030 A0: Capabilities={Initiator}
[    4.582291] scsi host2: ioc0: LSI53C1030 A0, FwRev=00000000h, Ports=1, MaxQ=256, IRQ=20
[    4.755909] scsi 2:0:0:0: Direct-Access     VBOX     HARDDISK         1.0  PQ: 0 ANSI: 5
[    4.760236] scsi target2:0:0: Beginning Domain Validation
[    4.765667] scsi target2:0:0: Domain Validation skipping write tests
[    4.767983] scsi target2:0:0: Ending Domain Validation
[    4.770098] scsi target2:0:0: asynchronous
[    4.780475] scsi 2:0:1:0: Direct-Access     VBOX     HARDDISK         1.0  PQ: 0 ANSI: 5
[    4.792436] scsi target2:0:1: Beginning Domain Validation
[    4.813448] scsi target2:0:1: Domain Validation skipping write tests
[    4.815737] scsi target2:0:1: Ending Domain Validation
[    4.817943] scsi target2:0:1: asynchronous
[    4.828187] sd 2:0:0:0: Attached scsi generic sg0 type 0
[    4.830871] sd 2:0:0:0: [sda] 20971520 512-byte logical blocks: (10.7 GB/10.0 GiB)
[    4.834942] sd 2:0:0:0: [sda] Write Protect is off
[    4.835005] sd 2:0:1:0: [sdb] 20480 512-byte logical blocks: (10.5 MB/10.0 MiB)
[    4.835034] sd 2:0:1:0: Attached scsi generic sg1 type 0
[    4.842152] sd 2:0:1:0: [sdb] Write Protect is off
[    4.842328] sd 2:0:0:0: [sda] Incomplete mode parameter data
[    4.842332] sd 2:0:0:0: [sda] Assuming drive cache: write through
[    4.856595]  sda: sda1
[    4.857815] sd 2:0:0:0: [sda] Attached SCSI disk
[    4.927714] sd 2:0:1:0: [sdb] Incomplete mode parameter data
[    4.935405] sd 2:0:1:0: [sdb] Assuming drive cache: write through
[    4.943464] sd 2:0:1:0: [sdb] Attached SCSI disk
Begin: Loading essential drivers ... [    6.524391] md: linear personality registered for level -1
[    6.529157] md: multipath personality registered for level -4
[    6.533650] md: raid0 personality registered for level 0
[    6.541170] md: raid1 personality registered for level 1
[    6.615396] raid6: sse2x1   gen()  4071 MB/s
[    6.683617] raid6: sse2x1   xor()  7410 MB/s
[    6.763654] raid6: sse2x2   gen() 11475 MB/s
[    6.839776] raid6: sse2x2   xor()  8507 MB/s
[    6.956122] raid6: sse2x4   gen() 14322 MB/s
[    7.043928] raid6: sse2x4   xor()  9490 MB/s
[    7.112248] raid6: avx2x1   gen() 15265 MB/s
[    7.191377] raid6: avx2x2   gen() 16866 MB/s
[    7.264498] raid6: avx2x4   gen() 25804 MB/s
[    7.265702] raid6: using algorithm avx2x4 gen() 25804 MB/s
[    7.267125] raid6: using avx2x2 recovery algorithm
[    7.269715] xor: automatically using best checksumming function:
[    7.307435]    avx       : 23973.000 MB/sec
[    7.317319] async_tx: api initialized (async)
[    7.423351] md: raid6 personality registered for level 6
[    7.452435] md: raid5 personality registered for level 5
[    7.461737] md: raid4 personality registered for level 4
[    7.489823] md: raid10 personality registered for level 10
done.
Begin: Running /scripts/init-premount ... done.
Begin: Mounting root file system ... Begin: Running /scripts/local-top ... done.
Begin: Running /scripts/local-premount ... [    7.529011] Btrfs loaded
Scanning for Btrfs filesystems
done.
Warning: fsck not present, so skipping root file[    7.577205] EXT4-fs (sda1): mounted filesystem with ordered data mode. Opts: (null)
 system
done.
Begin: Running /scripts/local-bottom ... done.
Begin: Running /scripts/init-bottom ... done.
[    7.763907] systemd[1]: systemd 229 running in system mode. (+PAM +AUDIT +SELINUX +IMA +APPARMOR +SMACK +SYSVINIT +UTMP +LIBCRYPTSETUP +GCRYPT +GNUTLS +ACL +XZ -LZ4 +SECCOMP +BLKID +ELFUTILS +KMOD -IDN)
[    7.768926] systemd[1]: Detected virtualization oracle.
[    7.770448] systemd[1]: Detected architecture x86-64.

Welcome to [1mUbuntu 16.04.6 LTS[0m!

[    7.778405] systemd[1]: Set hostname to <ubuntu>.
[    7.790457] systemd[1]: Initializing machine ID from random generator.
[    7.809448] systemd[1]: Installed transient /etc/machine-id file.
[    7.980550] systemd[1]: Reached target Swap.
[[0;32m  OK  [0m] Reached target Swap.
[    7.983311] systemd[1]: Listening on Journal Audit Socket.
[[0;32m  OK  [0m] Listening on Journal Audit Socket.
[    8.000002] systemd[1]: Started Trigger resolvconf update for networkd DNS.
[[0;32m  OK  [0m] Started Trigger resolvconf update for networkd DNS.
[    8.008107] systemd[1]: Listening on Syslog Socket.
[[0;32m  OK  [0m] Listening on Syslog Socket.
[    8.018633] systemd[1]: Listening on LVM2 metadata daemon socket.
[[0;32m  OK  [0m] Listening on LVM2 metadata daemon socket.
[    8.036327] systemd[1]: Listening on /dev/initctl Compatibility Named Pipe.
[[0;32m  OK  [0m] Listening on /dev/initctl Compatibility Named Pipe.
[    8.048414] systemd[1]: Reached target User and Group Name Lookups.
[[0;32m  OK  [0m] Reached target User and Group Name Lookups.
[    8.060554] systemd[1]: Listening on Journal Socket.
[[0;32m  OK  [0m] Listening on Journal Socket.
[    8.092746] systemd[1]: Listening on Journal Socket (/dev/log).
[[0;32m  OK  [0m] Listening on Journal Socket (/dev/log).
[    8.097780] systemd[1]: Started Forward Password Requests to Wall Directory Watch.
[[0;32m  OK  [0m] Started Forward Password Requests to Wall Directory Watch.
[    8.168445] systemd[1]: Set up automount Arbitrary Executable File Formats File System Automount Point.
[[0;32m  OK  [0m] Set up automount Arbitrary Executab...ats File System Automount Point.
[    8.198241] systemd[1]: Listening on Device-mapper event daemon FIFOs.
[[0;32m  OK  [0m] Listening on Device-mapper event daemon FIFOs.
[    8.202928] systemd[1]: Reached target System Time Synchronized.
[[0;32m  OK  [0m] Reached target System Time Synchronized.
[    8.206932] systemd[1]: Listening on udev Control Socket.
[[0;32m  OK  [0m] Listening on udev Control Socket.
[    8.246879] systemd[1]: Created slice System Slice.
[[0;32m  OK  [0m] Created slice System Slice.
[    8.291901] systemd[1]: Starting Nameserver information manager...
         Starting Nameserver information manager...
[    8.324309] systemd[1]: Starting Set console keymap...
         Starting Set console keymap...
[    8.353967] systemd[1]: Starting Journal Service...
         Starting Journal Service...
[    8.357976] systemd[1]: Starting Uncomplicated firewall...
         Starting Uncomplicated firewall...
[    8.388397] systemd[1]: Mounting POSIX Message Queue File System...
         Mounting POSIX Message Queue File System...
[    8.416549] systemd[1]: Created slice system-serial\x2dgetty.slice.
[[0;32m  OK  [0m] Created slice system-serial\x2dgetty.slice.
[    8.460307] systemd[1]: Starting Create list of required static device nodes for the current kernel...
         Starting Create list of required st... nodes for the current kernel...
[    8.508179] systemd[1]: Starting Load Kernel Modules...
[    8.508841] random: nonblocking pool is initialized
         Starting Load Ke[    8.520875] Loading iSCSI transport class v2.0-870.
rnel Modules...
[    8.563876] iscsi: registered transport (tcp)
[    8.564901] systemd[1]: Starting Monitoring of LVM2 mirrors, snapshots etc. using dmeventd or progress polling...
         Starting Monitoring of LVM2 mirrors... dmeventd or progress polling...
[    8.631918] systemd[1]: Starting Remount Root and Kernel File Systems...
         Startin[    8.642694] EXT4-fs (sda1): re-mounted. Opts: (null)
g Remount Root and Kernel File Systems...
[    8.645890] systemd[1]: Mounting Debug File System...
         Mounting Debug File System...
[    8.649174] systemd[1]: Listening on LVM2 poll daemon socket.
[[0;32m  OK  [0m] Listening on LVM2 poll daemon socket.
[    8.659772] systemd[1]: Listening on udev Kernel Socket.
[[0;32m  OK  [0m] Listening on udev Kernel Socket.
[    8.671218] systemd[1]: Created slice User and Session Slice.
[[0;32m  OK  [0m] Created slice User and Session Slice.
[    8.680975] systemd[1]: Reached target Slices.
[    8.701504] iscsi: registered transport (iser)
[[0;32m  OK  [0m] Reached target Slices.
[    8.704701] systemd[1]: Reached target Encrypted Volumes.
[[0;32m  OK  [0m] Reached target Encrypted Volumes.
[    8.720097] systemd[1]: Mounting Huge Pages File System...
         Mounting Huge Pages File System...
[    8.746918] systemd[1]: Mounted POSIX Message Queue File System.
[[0;32m  OK  [0m] Mounted POSIX Message Queue File System.
[    8.751303] systemd[1]: Mounted Debug File System.
[[0;32m  OK  [0m] Mounted Debug File System.
[    8.758114] systemd[1]: Mounted Huge Pages File System.
[[0;32m  OK  [0m] Mounted Huge Pages File System.
[    8.762676] systemd[1]: Started Journal Service.
[[0;32m  OK  [0m] Started Journal Service.
[[0;32m  OK  [0m] Started Set console keymap.
[[0;32m  OK  [0m] Started Uncomplicated firewall.
[[0;32m  OK  [0m] Started Create list of required sta...ce nodes for the current kernel.
[[0;32m  OK  [0m] Started Load Kernel Modules.
[[0;32m  OK  [0m] Started Remount Root and Kernel File Systems.
[[0;32m  OK  [0m] Started Nameserver information manager.
[[0;32m  OK  [0m] Started LVM2 metadata daemon.
         Starting Load/Save Random Seed...
         Starting udev Coldplug all Devices...
         Starting Apply Kernel Variables...
         Mounting FUSE Control File System...
         Starting Create Static Device Nodes in /dev...
         Starting Flush Journal to Persistent Storage...
[[0;32m  OK  [0m] Mounted FUSE Control File System.
[[0;32m  OK  [0m] Started Monitoring of LVM2 mirrors,...ng dmeventd or progress polling.
[[0;32m  OK  [0m] Started Load/Save Random Seed.
[[0;32m  OK  [0m] Started Apply Kernel Variables.
[[0;32m  OK  [0m] Started Create Static Device Nodes in /dev.
[[0;32m  OK  [0m] Started udev Coldplug all Devices.
         Starting udev Kernel Device Manager...
[[0;32m  OK  [0m] Reached target Local File Systems (Pre).
[[0;32m  OK  [0m] Reached target Local File Systems.
         Starting Tell Plymouth To Write Out Runtime Data...
         Starting LSB: AppArmor initialization...
         Starting Set console font and keymap...
         Starting Commit a transient machine-id on disk...
         Starting Initial cloud-init job (pre-networking)...
[[0;32m  OK  [0m] Started udev Kernel Device Manager.
[[0;32m  OK  [0m] Started Flush Journal to Persistent Storage.
[[0;32m  OK  [0m] Started Tell Plymouth To Write Out Runtime Data.
[[0;32m  OK  [0m] Started Commit a transient machine-id on disk.
         Starting Create Volatile Files and Directories...
[[0;32m  OK  [0m] Started Dispatch Password Requests to Console Directory Watch.
[[0;32m  OK  [0m] Started Create Volatile Files and Directories.
         Starting Update UTMP about System Boot/Shutdown...
[[0;32m  OK  [0m] Started Update UTMP about System Boot/Shutdown.
[[0;32m  OK  [0m] Found device /dev/ttyS0.
[[0;32m  OK  [0m] Listening on Load/Save RF Kill Switch Status /dev/rfkill Watch.
[   10.873720] cloud-init[506]: Cloud-init v. 19.2-36-g059d049c-0ubuntu2~16.04.1 running 'init-local' at Thu, 19 Dec 2019 14:29:42 +0000. Up 10.24 seconds.
[[0;32m  OK  [0m] Started Initial cloud-init job (pre-networking).
[[0;32m  OK  [0m] Reached target Network (Pre).
[[0;32m  OK  [0m] Started Set console font and keymap.
[[0;32m  OK  [0m] Created slice system-getty.slice.
[[0;32m  OK  [0m] Started LSB: AppArmor initialization.
         Starting Raise network interfaces...
[[0;32m  OK  [0m] Started Raise network interfaces.
[[0;32m  OK  [0m] Reached target Network.
         Starting Initial cloud-init job (metadata service crawler)...
[   13.414862] cloud-init[963]: Cloud-init v. 19.2-36-g059d049c-0ubuntu2~16.04.1 running 'init' at Thu, 19 Dec 2019 14:29:44 +0000. Up 12.66 seconds.
[   13.419841] cloud-init[963]: ci-info: ++++++++++++++++++++++++++++++++++++++Net device info+++++++++++++++++++++++++++++++++++++++
[   13.425067] cloud-init[963]: ci-info: +--------+-------+----------------------------+---------------+--------+-------------------+
[   13.453922] cloud-init[963]: ci-info: | Device |   Up  |          Address           |      Mask     | Scope  |     Hw-Address    |
[   13.496579] [cloud-init[0;32m  OK  [0m[963]: ] ci-info: +--------+-------+----------------------------+---------------+--------+-------------------+Started Initial cloud-init job (metadata service crawler).

[[0;32m  OK  [0m] Reached target Network is Online.
[   13.497371] cloud-init[963]: ci-info: | enp0s3 |  True |         10.0.2.15          | 255.255.255.0 | global | 02:dd:45:a7:5d:a0 |
[   13.578404]          Starting iSCSI initiator daemon (iscsid)...
[[0;32m  OK  [0m] Reached target System Initialization.
         Starting Socket activation for snappy daemon.
cloud-init         Starting LXD - unix socket.
[[0;32m  OK  [0m] Listening on UUID daemon activation socket.
[963]: ci-info: | enp0s3 |  True | fe80::dd:45ff:fea7:5da0/64 |       .       |  link  | 02:dd:45:a7:5d:a0 |
[   13.624473] [[0;32m  OK  [0m] Started Message of the Day.
[[0;32m  OK  [0m] Listening on D-Bus System Message Bus Socket.
[[0;32m  OK  [0m] Started Daily apt download activities.
cloud-init[963]: ci-info: | enp0s8 | False |             .              |       .       |   .    | 08:00:27:1e:56:8c |
[   13.680240] [cloud-init[0;32m  OK  [0m[963]: ] ci-info: |   lo   |  True |         127.0.0.1          |   255.0.0.0   |  host  |         .         |Started Daily apt upgrade and clean activities.

[   13.715308] cloud-init[963]: ci-info: |   lo   |  True |          ::1/128           |       .       |  host  |         .         |
[[0;32m  OK  [0m] Started ACPI Events Check.
[   13.720806] [[0;32m  OK  [0m] Reached target Paths.
[[0;32m  OK  [0m] Listening on ACPID Listen Socket.
[[0;32m  OK  [0m] Started Daily Cleanup of Temporary Directories.
[[0;32m  OK  [0m] Reached target Timers.
[[0;32m  OK  [0m] Reached target Cloud-config availability.
cloud-init[963]: ci-info: +--------+-------+----------------------------+---------------+--------+-------------------+
[   13.778344] [cloud-init[0;32m  OK  [0m[963]: ] ci-info: +++++++++++++++++++++++++++Route IPv4 info++++++++++++++++++++++++++++Listening on Socket activation for snappy daemon.

[   13.779363] [[0;32m  OK  [0m] Listening on LXD - unix socket.
[[0;32m  OK  [0m] Started iSCSI initiator daemon (iscsid).
cloud-init[963]: ci-info: +-------+-------------+----------+---------------+-----------+-------+
[   13.818937] cloud-init[963]: ci-info: | Route | Destination | Gateway  |    Genmask    | Interface | Flags |
[   13.823700] cloud-init[963]: ci-info: +-------+-------------+----------+---------------+-----------+-------+
[   13.846638]          Starting Login to default iSCSI targets...
[[0;32m  OK  [0m] Reached target Sockets.
[[0;32m  OK  [0m] Reached target Basic System.
         Starting LSB: Record successful boot for GRUB...
cloud-init[963]: [[0;32m  OK  [0m] Started Regular background program processing daemon.
ci-info: |   0   |   0.0.0.0   | 10.0.2.2 |    0.0.0.0    |   enp0s3  |   UG  |
[   13.878597]          Starting System Logging Service...
cloud-init[963]: ci-info: |   1   |   10.0.2.0  | 0.0.0.0  | 255.255.255.0 |   enp0s3  |   U   |
[[0;32m  OK  [0m] Started ACPI event daemon.
[[0;32m  OK  [0m] Started FUSE filesystem for LXC.
[   13.899509] cloud-init[963]: ci-info: +-------+-------------+----------+---------------+-----------+-------+
[   13.938117]          Starting LSB: MD monitoring daemon...
cloud-init[963]: ci-info: +++++++++++++++++++Route IPv6 info+++++++++++++++++++
[   13.955299] [[0;32m  OK  [0m] Started Deferred execution scheduler.
cloud-init[963]: ci-info: +-------+-------------+---------+-----------+-------+
[   13.958416] cloud-init[963]: ci-info: | Route | Destination | Gateway | Interface | Flags |
[   13.958497] cloud-init[963]: ci-info: +-------+-------------+---------+-----------+-------+
[   13.958566] cloud-init[963]: ci-info: |   0   |  fe80::/64  |    ::   |   enp0s3  |   U   |
[   13.959106] cloud-init[963]: ci-info: |   3   |   ff00::/8  |    ::   |   enp0s3  |   U   |
[   13.959197] cloud-init[963]: ci-info: +-------+-------------+---------+-----------+-------+
[   13.959262] cloud-init[963]: Generating public/private rsa key pair.
[   13.959329] cloud-init[963]: Your identification has been saved in /etc/ssh/ssh_host_rsa_key.
         Starting Accounts Service...
[   13.959395] cloud-init[963]: Your public key has been saved in /etc/ssh/ssh_host_rsa_key.pub.
[   14.417649]          Starting Virtualbox guest utils...
cloud-init[963]: The key fingerprint is:
[   14.446981]          Starting Pollinate to seed the pseudo random number generator...
[[0;32m  OK  [0m] Started D-Bus System Message Bus.
cloud-init[963]: SHA256:UXlmvIWKibKEG7OoH6DH1fUnvAGJmRYWDkwrUtEYEMI root@ubuntu-xenial
[   14.476532] cloud-init[963]: The key's randomart image is:
[   14.509328]          Starting LXD - container startup/shutdown...
cloud-init[963]: +---[RSA 2048]----+
[   14.539643]          Starting Login Service...
cloud-init[963]: |=o+Bo +.  .o .   |
[   14.563020]          Starting /etc/rc.local Compatibility...
cloud-init[963]: |.E. o= = o. * .  |
         Starting Snappy daemon...
[   14.615364] cloud-init[963]: |. ... *.=o = o   |
[[0;32m  OK  [0m] Started System Logging Service.
[[0;32m  OK  [0m] Started LXD - container startup/shutdown.
[   14.656713] cloud-init[963]: | .+.oo..o=. .    |
[   14.723236] [[0;32m  OK  [0m] Started /etc/rc.local Compatibility.
cloud-init[963]: |.. *.o. S = .    |
[   14.756246] [[0;32m  OK  [0m] Started Pollinate to seed the pseudo random number generator.
cloud-init[963]: |ooo..      =     |
[   14.768070] cloud-init[963]: |o +       .      |
[   14.770098] cloud-init[963]: |.. .             |
[   14.781630] cloud-init[963]: | ..              |
[   14.787039] cloud-init[963]: +----[SHA256]-----+
         Starting Authenticate and Authorize Users to Run Privileged Tasks...
         Starting OpenBSD Secure Shell server...
[[0;32m  OK  [0m] Started LSB: Record successful boot for GRUB.
[[0;32m  OK  [0m] Started Login Service.
[[0;32m  OK  [0m] Started Unattended Upgrades Shutdown.
[[0;32m  OK  [0m] Started Login to default iSCSI targets.
[[0;32m  OK  [0m] Started LSB: MD monitoring daemon.
[[0;32m  OK  [0m] Reached target Remote File Systems (Pre).
[[0;32m  OK  [0m] Reached target Remote File Systems.
[   14.866421] cloud-init[963]: Generating public/private dsa key pair.
[   14.897200] cloud-init[963]: Your identification has been saved in /etc/ssh/ssh_host_dsa_key.
[   14.900237] cloud-init[963]: Your public key has been saved in /etc/ssh/ssh_host_dsa_key.pub.
         Starting LSB: daemon to balance interrupts for SMP systems...
[   14.934755] cloud-init[963]: The key fingerprint is:
[   14.941628] cloud-init[963]: SHA256:0dx3VToXuO66UYMVmUDxzmn+t/ck9CmHdYI1Mw7pyxM root@ubuntu-xenial
         Starting LSB: automatic crash report generation...
         Starting LSB: Set the CPU Frequency Scaling governor to "ondemand"...
         Starting Permit User Sessions...
[[0;32m  OK  [0m] Started Authenticate and Authorize Users to Run Privileged Tasks.
[[0;32m  OK  [0m] Started Accounts Service.
[   14.963346] cloud-init[963]: The key's randomart image is:
[   14.989304] cloud-init[963]: +---[DSA 1024]----+
[[0;32m  OK  [0m] Started Virtualbox guest utils.
[[0;32m  OK  [0m] Started LSB: daemon to balance interrupts for SMP systems.
[[0;32m  OK  [0m] Started Permit User Sessions.
[[0;32m  OK  [0m] Started OpenBSD Secure Shell server.
[   15.010993] cloud-init[963]: |          .+o.+.+|
[   15.027679] cloud-init[963]: |         o ..=..o|
         Starting Terminate Plymouth Boot Screen...
[   15.035569] cloud-init[963]: |        . o +oX o|
[   15.058397] cloud-init[963]: |         . .=B.B |
[   15.060303] cloud-init[963]: |        S  .EB+..|
[   15.062171] cloud-init[963]: |           .+=+oo|
[   15.064096] cloud-init[963]: |           .=+.oo|
[   15.065785] cloud-init[963]: |            .o+oo|
         Starting Hold until boot process finishes up...
[[0;32m  OK  [0m] Started Snappy daemon.
[[0;32m  OK  [0m] Started LSB: automatic crash report generation.
[[0;32m  OK  [0m] Started LSB: Set the CPU Frequency Scaling governor to "ondemand".
[[0;32m  OK  [0m] Started Terminate Plymouth Boot Screen.
[   15.067537] cloud-init[963]: |           oo  o*|
[   15.089114] cloud-init[963]: +----[SHA256]-----+
[[0;32m  OK  [0m] Started Hold until boot process finishes up.
[   15.100200] cloud-init[963]: Generating public/private ecdsa key pair.
[   15.112537] cloud-init[963]: Your identification has been saved in /etc/ssh/ssh_host_ecdsa_key.
         Starting Set console scheme...
[[0;32m  OK  [0m] Started Getty on tty1.
[   15.123377] cloud-init[963]: Your public key has been saved in /etc/ssh/ssh_host_ecdsa_key.pub.
[   15.156450] [[0;32m  OK  [0m] Started Serial Getty on ttyS0.
cloud-init[[963]: [0;32m  OK  [0m] Reached target Login Prompts.
The key fingerprint is:
[   15.164133] cloud-init[963]: SHA256:umv6/rpnu+M2EmJsMhxiMr5WsZJFIiPd4ecEt/RHssY root@ubuntu-xenial
         Starting Wait until snapd is fully seeded...
[[0;32m  OK  [0m] Started Set console scheme.
[   15.182806] cloud-init[963]: The key's randomart image is:
[   15.195935] cloud-init[963]: +---[ECDSA 256]---+
[   15.206491] cloud-init[963]: | . .o.o . .      |
[   15.208206] cloud-init[963]: |+..o.+ + +       |
[   15.210097] cloud-init[963]: |o.o . + E .      |
[   15.211779] cloud-init[963]: |+..o + . .       |
[   15.213509] cloud-init[963]: |++ooo . S        |
[   15.216414] cloud-init[963]: | ++o= ..         |
[   15.219510] cloud-init[963]: |  += ...         |
[   15.221479] cloud-init[963]: | o    o.*        |
[   15.223336] cloud-init[963]: |.   .=B@==       |
[   15.225334] cloud-init[963]: +----[SHA256]-----+
[   15.227260] cloud-init[963]: Generating public/private ed25519 key pair.
[   15.268424] cloud-init[963]: Your identification has been saved in /etc/ssh/ssh_host_ed25519_key.
[   15.271454] cloud-init[963]: Your public key has been saved in /etc/ssh/ssh_host_ed25519_key.pub.
[   15.273799] cloud-init[963]: The key fingerprint is:
[   15.275619] cloud-init[963]: SHA256:mPZPf/LdPfpLpOMLCuHt5N+qo6Sqw/3n18o7jT4LvDE root@ubuntu-xenial
[   15.278863] cloud-init[963]: The key's randomart image is:
[   15.280990] cloud-init[963]: +--[ED25519 256]--+
[   15.283173] cloud-init[963]: |                 |
[   15.285581] cloud-init[963]: |                 |
[   15.288384] cloud-init[963]: |                 |
[   15.304487] cloud-init[963]: |       o         |
[   15.348388] cloud-init[963]: |      +.S      . |
[   15.370903] cloud-init[963]: |     .o.o     o  |
[   15.381513] cloud-init[963]: |. .    E.o=. o . |
[   15.409742] cloud-init[963]: | o .  o.@O.+= +oo|
[   15.424589] cloud-init[963]: | .o.ooo++@@ooO=o*|
[   15.455366] cloud-init[963]: +----[SHA256]-----+
[[0;32m  OK  [0m] Started Wait until snapd is fully seeded.
[[0;32m  OK  [0m] Reached target Multi-User System.
[[0;32m  OK  [0m] Reached target Graphical Interface.
         Starting Update UTMP about System Runlevel Changes...
         Starting Apply the settings specified in cloud-config...
[[0;32m  OK  [0m] Started Update UTMP about System Runlevel Changes.
[   16.981483] cloud-init[1320]: Generating locales (this might take a while)...
[   18.150776] cloud-init[1320]:   en_US.UTF-8... done
[   18.154333] cloud-init[1320]: Generation complete.
[   18.521835] cloud-init[1320]: Cloud-init v. 19.2-36-g059d049c-0ubuntu2~16.04.1 running 'modules:config' at Thu, 19 Dec 2019 14:29:48 +0000. Up 16.81 seconds.
[[0;32m  OK  [0m] Started Apply the settings specified in cloud-config.
         Starting Execute cloud user/final scripts...
[[0;32m  OK  [0m] Created slice User Slice of vagrant.
         Starting User Manager for UID 1000...
[[0;32m  OK  [0m] Started Session 1 of user vagrant.
[[0;32m  OK  [0m] Started User Manager for UID 1000.
ci-info: no authorized ssh keys fingerprints found for user ubuntu.
<14>Dec 19 14:29:51 ec2: 
<14>Dec 19 14:29:51 ec2: #############################################################
<14>Dec 19 14:29:51 ec2: -----BEGIN SSH HOST KEY FINGERPRINTS-----
<14>Dec 19 14:29:51 ec2: 1024 SHA256:0dx3VToXuO66UYMVmUDxzmn+t/ck9CmHdYI1Mw7pyxM root@ubuntu-xenial (DSA)
<14>Dec 19 14:29:51 ec2: 256 SHA256:umv6/rpnu+M2EmJsMhxiMr5WsZJFIiPd4ecEt/RHssY root@ubuntu-xenial (ECDSA)
<14>Dec 19 14:29:51 ec2: 256 SHA256:mPZPf/LdPfpLpOMLCuHt5N+qo6Sqw/3n18o7jT4LvDE root@ubuntu-xenial (ED25519)
<14>Dec 19 14:29:51 ec2: 2048 SHA256:UXlmvIWKibKEG7OoH6DH1fUnvAGJmRYWDkwrUtEYEMI root@ubuntu-xenial (RSA)
<14>Dec 19 14:29:51 ec2: -----END SSH HOST KEY FINGERPRINTS-----
<14>Dec 19 14:29:51 ec2: #############################################################
-----BEGIN SSH HOST KEY KEYS-----
ecdsa-sha2-nistp256 AAAAE2VjZHNhLXNoYTItbmlzdHAyNTYAAAAIbmlzdHAyNTYAAABBBPfzJA47W8sXM/oJiYOmVvAjjjlHsAilTrrJiXsiMf8RcetxA+S2GDE5/nRYntsqg0Ve8uLhG6QIX03tdxyIgRU= root@ubuntu-xenial
ssh-ed25519 AAAAC3NzaC1lZDI1NTE5AAAAII2TlppTs2zE5nch3a5gKg2CiR3iI6SZdMfSqN5YQMHj root@ubuntu-xenial
ssh-rsa AAAAB3NzaC1yc2EAAAADAQABAAABAQDDZQmpLAaj4N07iuvZhRzvF6covYGOAubfUhw3KO5bIeky51CSQ1XoirDn+iYit/TtzmeMA0E2/DATQGN8hyHO3sXnkVXtpBjpwj8ygP/RjxPwmtzqAmWyhNwJAaTG7pE5wLi5QMaoX1JG4BQjBcJes4UUMnsSTqPS5HmfzEDdnZHF2eK7dSvoISRxKWgn1SvEOb8DLNBZ085xNIf3Dx+Zw05Wtakue3z9R71njQT84EkBBe3nxbASSUauEXtOg522smwYqqD3F78uU2MdnC6Py8vhqdVr6hMrmQBvXW+MX3jKFdSbdhi56M1KHbQrGHGwFcDB8TZryULZq1dHotbt root@ubuntu-xenial
-----END SSH HOST KEY KEYS-----
[   19.657277] cloud-init[1361]: Cloud-init v. 19.2-36-g059d049c-0ubuntu2~16.04.1 running 'modules:final' at Thu, 19 Dec 2019 14:29:51 +0000. Up 19.28 seconds.
[   19.665384] cloud-init[1361]: ci-info: no authorized ssh keys fingerprints found for user ubuntu.
[   19.672717] cloud-init[1361]: Cloud-init v. 19.2-36-g059d049c-0ubuntu2~16.04.1 finished at Thu, 19 Dec 2019 14:29:51 +0000. Datasource DataSourceNoCloud [seed=/dev/sdb][dsmode=net].  Up 19.64 seconds
[[0;32m  OK  [0m] Started Execute cloud user/final scripts.
[[0;32m  OK  [0m] Reached target Cloud-init target.

Ubuntu 16.04.6 LTS ubuntu-xenial ttyS0

ubuntu-xenial login: 